c:\users\benjamin\documents\beautifulsky\3dtp\debug\3dtp.pch
c:\users\benjamin\documents\beautifulsky\3dtp\debug\vc141.pdb
c:\users\benjamin\documents\beautifulsky\3dtp\debug\vc141.idb
c:\users\benjamin\documents\beautifulsky\3dtp\debug\stdafx.obj
c:\users\benjamin\documents\beautifulsky\3dtp\debug\3dtp.obj
c:\users\benjamin\documents\beautifulsky\3dtp\debug\camera.obj
c:\users\benjamin\documents\beautifulsky\3dtp\debug\ddstextureloader.obj
c:\users\benjamin\documents\beautifulsky\3dtp\debug\simplemath.obj
c:\users\benjamin\documents\beautifulsky\3dtp\debug\imgui.obj
c:\users\benjamin\documents\beautifulsky\3dtp\debug\imgui_draw.obj
c:\users\benjamin\documents\beautifulsky\3dtp\debug\imgui_impl_dx11.obj
c:\users\benjamin\documents\beautifulsky\3dtp\debug\inputmanager.obj
c:\users\benjamin\documents\beautifulsky\3dtp\debug\tpwindows.obj
c:\users\benjamin\documents\beautifulsky\3dtp\debug\types.obj
c:\users\benjamin\documents\beautifulsky\debug\3dtp.exe
c:\users\benjamin\documents\beautifulsky\debug\3dtp.ilk
c:\users\benjamin\documents\beautifulsky\debug\3dtp.pdb
c:\users\benjamin\documents\beautifulsky\3dtp\debug\3dtp.tlog\cl.command.1.tlog
c:\users\benjamin\documents\beautifulsky\3dtp\debug\3dtp.tlog\cl.read.1.tlog
c:\users\benjamin\documents\beautifulsky\3dtp\debug\3dtp.tlog\cl.write.1.tlog
c:\users\benjamin\documents\beautifulsky\3dtp\debug\3dtp.tlog\link.command.1.tlog
c:\users\benjamin\documents\beautifulsky\3dtp\debug\3dtp.tlog\link.read.1.tlog
c:\users\benjamin\documents\beautifulsky\3dtp\debug\3dtp.tlog\link.write.1.tlog
